Envoi numéro 30 commencé.
On attend, reste 1 secondes.
On attend, reste 2 secondes.
On attend, reste 3 secondes.
On attend, reste 4 secondes.
On attend, reste 5 secondes.
On attend, reste 6 secondes.
On attend, reste 7 secondes.
On attend, reste 8 secondes.
On attend, reste 9 secondes.
On attend, reste 10 secondes.
On attend, reste 11 secondes.
On attend, reste 12 secondes.
On attend, reste 13 secondes.
On attend, reste 14 secondes.
On attend, reste 15 secondes.
On attend, reste 16 secondes.
On attend, reste 17 secondes.
On attend, reste 18 secondes.
On attend, reste 19 secondes.
On attend, reste 20 secondes.
On attend, reste 21 secondes.
On attend, reste 22 secondes.
On attend, reste 23 secondes.
On attend, reste 24 secondes.
On attend, reste 25 secondes.
On attend, reste 26 secondes.
On attend, reste 27 secondes.
Envoi numéro 29 commencé.
statut : 1
Envoi numéro 29 arrété.
Envoi numéro 29 commencé.
statut : 1
Envoi numéro 29 arrété.
statut : 1
Envoi numéro 30 arrété.
Envoi numéro 31 commencé.
On attend, reste 119 secondes.
On attend, reste 118 secondes.
On attend, reste 117 secondes.
On attend, reste 116 secondes.
On attend, reste 115 secondes.
On attend, reste 114 secondes.
On attend, reste 113 secondes.
On attend, reste 112 secondes.
On attend, reste 111 secondes.
On attend, reste 110 secondes.
On attend, reste 109 secondes.
On attend, reste 108 secondes.
On attend, reste 107 secondes.
On attend, reste 106 secondes.
On attend, reste 105 secondes.
On attend, reste 104 secondes.
On attend, reste 103 secondes.
On attend, reste 102 secondes.
On attend, reste 101 secondes.
On attend, reste 100 secondes.
On attend, reste 99 secondes.
On attend, reste 98 secondes.
On attend, reste 97 secondes.
On attend, reste 96 secondes.
On attend, reste 95 secondes.
On attend, reste 94 secondes.
On attend, reste 93 secondes.
On attend, reste 92 secondes.
On attend, reste 91 secondes.
On attend, reste 90 secondes.
On attend, reste 89 secondes.
On attend, reste 88 secondes.
On attend, reste 87 secondes.
On attend, reste 86 secondes.
On attend, reste 85 secondes.
On attend, reste 84 secondes.
On attend, reste 83 secondes.
On attend, reste 82 secondes.
On attend, reste 81 secondes.
On attend, reste 80 secondes.
On attend, reste 79 secondes.
On attend, reste 78 secondes.
On attend, reste 77 secondes.
On attend, reste 76 secondes.
Envoi numéro 31 commencé.
statut : 1
Envoi numéro 31 arrété.
Envoi numéro 31 commencé.
statut : 1
Envoi numéro 31 arrété.
Envoi numéro 32 commencé.
On attend, reste 119 secondes.
On attend, reste 118 secondes.
On attend, reste 117 secondes.
On attend, reste 116 secondes.
On attend, reste 115 secondes.
On attend, reste 114 secondes.
On attend, reste 113 secondes.
On attend, reste 112 secondes.
On attend, reste 111 secondes.
On attend, reste 110 secondes.
On attend, reste 109 secondes.
On attend, reste 108 secondes.
On attend, reste 107 secondes.
On attend, reste 106 secondes.
On attend, reste 105 secondes.
On attend, reste 104 secondes.
On attend, reste 103 secondes.
statut : 2 -> arret demandé
statut : 1
Envoi numéro 32 arrété.
Envoi numéro 32 commencé.
statut : 1
Envoi numéro 32 arrété.
Envoi numéro 33 commencé.
On attend, reste 119 secondes.
On attend, reste 118 secondes.
On attend, reste 117 secondes.
On attend, reste 116 secondes.
On attend, reste 115 secondes.
On attend, reste 114 secondes.
On attend, reste 113 secondes.
On attend, reste 112 secondes.
On attend, reste 111 secondes.
On attend, reste 110 secondes.
On attend, reste 109 secondes.
On attend, reste 108 secondes.
On attend, reste 107 secondes.
On attend, reste 106 secondes.
On attend, reste 105 secondes.
On attend, reste 104 secondes.
On attend, reste 103 secondes.
On attend, reste 102 secondes.
On attend, reste 101 secondes.
On attend, reste 100 secondes.
On attend, reste 99 secondes.
On attend, reste 98 secondes.
On attend, reste 97 secondes.
On attend, reste 96 secondes.
On attend, reste 95 secondes.
On attend, reste 94 secondes.
On attend, reste 93 secondes.
statut : 2 -> arret demandé
statut : 1
Envoi numéro 33 arrété.
Envoi numéro 33 commencé.
statut : 1
Envoi numéro 33 arrété.
Envoi numéro 34 commencé.
envoi à :  Fabrice Lapeyrere : fabrice.lapeyrere@gmail.com, fabrice.lapeyrere@surlefil.org OK
On attend, reste 119 secondes.
On attend, reste 118 secondes.
On attend, reste 117 secondes.
On attend, reste 116 secondes.
On attend, reste 115 secondes.
On attend, reste 114 secondes.
On attend, reste 113 secondes.
statut : 2 -> arret demandé
statut : 1
Envoi numéro 34 arrété.
Envoi numéro 34 commencé.
envoi à :  Fabrice Lapeyrere : contact@surlefil.org OK
statut : 1
Envoi numéro 34 arrété.
26/04/2012 10:27:42 - Envoi numéro 35 commencé.
26/04/2012 10:27:42 - envoi à :  Fabrice Lapeyrere : fabrice.lapeyrere@gmail.com, fabrice.lapeyrere@surlefil.org OK
26/04/2012 10:27:42 - On attend
26/04/2012 10:28:04 - statut : 2 -> arret demandé
26/04/2012 10:28:04 - statut : 1
26/04/2012 10:28:04 - Envoi numéro 35 arrété.
26/04/2012 10:28:11 - Envoi numéro 35 commencé.
26/04/2012 10:28:12 - envoi à :  Fabrice Lapeyrere : contact@surlefil.org OK
statut : 1
Envoi numéro 35 arrété.
26/04/2012 10:43:59 - Envoi numéro 30 commencé.
26/04/2012 10:44:00 - envoi à :  Fabrice Lapeyrere : contact@surlefil.org OK
statut : 1
Envoi numéro 30 arrété.
26/04/2012 11:29:00 - Envoi numéro 36 commencé.
26/04/2012 11:29:00 - envoi à :  Fabrice Lapeyrere : fabrice.lapeyrere@gmail.com, fabrice.lapeyrere@surlefil.org OK
26/04/2012 11:29:00 - On attend
26/04/2012 11:29:05 - envoi à :  Fabrice Lapeyrere : contact@surlefil.org OK
statut : 1
Envoi numéro 36 arrété.
26/04/2012 11:32:36 - Envoi numéro 37 commencé.
26/04/2012 11:32:36 - envoi à : toto abba : fabrice.lapeyrere@surlefil.org OK
26/04/2012 11:32:37 - envoi à :  albert : fabrice.lapeyrere@surlefil.org OK
26/04/2012 11:32:37 - envoi à :  contact-1 : fabrice.lapeyrere@surlefil.org OK
26/04/2012 11:32:38 - envoi à :  contact-100 : fabrice.lapeyrere@surlefil.org OK
26/04/2012 11:32:38 - envoi à :  contact-14 joli coeur : fabrice.lapeyrere@surlefil.org OK
26/04/2012 11:32:38 - On attend
26/04/2012 11:32:43 - envoi à :  contact-17 : fabrice.lapeyrere@surlefil.org OK
26/04/2012 11:32:43 - envoi à :  contact-22 : fabrice.lapeyrere@surlefil.org OK
26/04/2012 11:32:44 - envoi à :  contact-26 : fabrice.lapeyrere@surlefil.org OK
26/04/2012 11:32:44 - envoi à :  contact-28 : fabrice.lapeyrere@surlefil.org OK
26/04/2012 11:32:45 - envoi à :  Fabrice Lapeyrere : fabrice.lapeyrere@gmail.com, fabrice.lapeyrere@surlefil.org OK
statut : 1
Envoi numéro 37 arrété.
26/04/2012 11:32:47 - Envoi numéro 37 commencé.
statut : 1
Envoi numéro 37 arrété.
26/04/2012 11:34:45 - Envoi numéro 38 commencé.
26/04/2012 11:34:45 - envoi à : toto abba : fabrice.lapeyrere@surlefil.org OK
26/04/2012 11:34:46 - envoi à :  albert : fabrice.lapeyrere@surlefil.org OK
26/04/2012 11:34:47 - envoi à :  contact-1 : fabrice.lapeyrere@surlefil.org OK
26/04/2012 11:34:47 - envoi à :  contact-100 : fabrice.lapeyrere@surlefil.org OK
26/04/2012 11:34:49 - envoi à :  contact-14 joli coeur : fabrice.lapeyrere@surlefil.org OK
26/04/2012 11:34:49 - On attend
26/04/2012 11:34:53 - envoi à :  contact-17 : fabrice.lapeyrere@surlefil.org OK
26/04/2012 11:34:54 - envoi à :  contact-22 : fabrice.lapeyrere@surlefil.org OK
26/04/2012 11:34:54 - envoi à :  contact-26 : fabrice.lapeyrere@surlefil.org OK
26/04/2012 11:34:55 - envoi à :  contact-28 : fabrice.lapeyrere@surlefil.org OK
26/04/2012 11:34:55 - envoi à :  Fabrice Lapeyrere : fabrice.lapeyrere@gmail.com, fabrice.lapeyrere@surlefil.org OK
statut : 1
Envoi numéro 38 arrété.
26/04/2012 11:37:54 - Envoi numéro 39 commencé.
26/04/2012 11:37:55 - envoi à : toto abba : fabrice.lapeyrere@surlefil.org OK
26/04/2012 11:37:56 - envoi à :  albert : fabrice.lapeyrere@surlefil.org OK
26/04/2012 11:37:56 - envoi à :  contact-1 : fabrice.lapeyrere@surlefil.org OK
26/04/2012 11:37:57 - envoi à :  contact-100 : fabrice.lapeyrere@surlefil.org OK
26/04/2012 11:37:57 - envoi à :  contact-14 joli coeur : fabrice.lapeyrere@surlefil.org OK
26/04/2012 11:37:57 - On attend
26/04/2012 11:38:02 - envoi à :  contact-17 : fabrice.lapeyrere@surlefil.org OK
26/04/2012 11:38:02 - envoi à :  contact-22 : fabrice.lapeyrere@surlefil.org OK
26/04/2012 11:38:03 - envoi à :  contact-26 : fabrice.lapeyrere@surlefil.org OK
26/04/2012 11:38:03 - envoi à :  contact-28 : fabrice.lapeyrere@surlefil.org OK
26/04/2012 11:38:04 - envoi à :  contact-41 : fabrice.lapeyrere@surlefil.org OK
26/04/2012 11:38:04 - envoi à :  contact-42 : fabrice.lapeyrere@surlefil.org OK
26/04/2012 11:38:04 - On attend
26/04/2012 11:38:09 - envoi à :  contact-43 : fabrice.lapeyrere@surlefil.org OK
26/04/2012 11:38:09 - envoi à :  Fabrice Lapeyrere : fabrice.lapeyrere@gmail.com, fabrice.lapeyrere@surlefil.org OK
statut : 1
Envoi numéro 39 arrété.
26/04/2012 11:41:34 - Envoi numéro 40 commencé.
26/04/2012 11:41:34 - 1/13 toto abba : fabrice.lapeyrere@surlefil.org 
26/04/2012 11:41:35 - 2/13  albert : fabrice.lapeyrere@surlefil.org 
26/04/2012 11:41:36 - 3/13  contact-1 : fabrice.lapeyrere@surlefil.org 
26/04/2012 11:41:37 - 4/13  contact-100 : fabrice.lapeyrere@surlefil.org 
26/04/2012 11:41:38 - 5/13  contact-14 joli coeur : fabrice.lapeyrere@surlefil.org 
26/04/2012 11:41:38 - On attend
26/04/2012 11:41:42 - 6/13  contact-17 : fabrice.lapeyrere@surlefil.org 
26/04/2012 11:41:43 - 7/13  contact-22 : fabrice.lapeyrere@surlefil.org 
26/04/2012 11:41:44 - 8/13  contact-26 : fabrice.lapeyrere@surlefil.org 
26/04/2012 11:41:44 - 9/13  contact-28 : fabrice.lapeyrere@surlefil.org 
26/04/2012 11:41:45 - 10/13  contact-41 : fabrice.lapeyrere@surlefil.org 
26/04/2012 11:41:46 - 11/13  contact-42 : fabrice.lapeyrere@surlefil.org 
26/04/2012 11:41:46 - On attend
26/04/2012 11:41:51 - 12/13  contact-43 : fabrice.lapeyrere@surlefil.org 
26/04/2012 11:41:52 - 13/13  Fabrice Lapeyrere : fabrice.lapeyrere@gmail.com, fabrice.lapeyrere@surlefil.org 
statut : 1
Envoi numéro 40 arrété.
26/04/2012 11:43:20 - Envoi numéro 41 commencé.
26/04/2012 11:43:21 - 1/13 toto abba : fabrice.lapeyrere@surlefil.org 
26/04/2012 11:43:22 - 2/13  albert : fabrice.lapeyrere@surlefil.org 
26/04/2012 11:43:22 - 3/13  contact-1 : fabrice.lapeyrere@surlefil.org 
26/04/2012 11:43:24 - 4/13  contact-100 : fabrice.lapeyrere@surlefil.org 
26/04/2012 11:43:24 - 5/13  contact-14 joli coeur : fabrice.lapeyrere@surlefil.org 
26/04/2012 11:43:25 - On attend
26/04/2012 11:43:29 - 6/13  contact-17 : fabrice.lapeyrere@surlefil.org 
26/04/2012 11:43:30 - 7/13  contact-22 : fabrice.lapeyrere@surlefil.org 
26/04/2012 11:43:31 - 8/13  contact-26 : fabrice.lapeyrere@surlefil.org 
26/04/2012 11:43:31 - 9/13  contact-28 : fabrice.lapeyrere@surlefil.org 
26/04/2012 11:43:32 - 10/13  contact-41 : fabrice.lapeyrere@surlefil.org 
26/04/2012 11:43:32 - On attend
26/04/2012 11:43:37 - 11/13  contact-42 : fabrice.lapeyrere@surlefil.org 
26/04/2012 11:43:37 - 12/13  contact-43 : fabrice.lapeyrere@surlefil.org 
26/04/2012 11:43:38 - 13/13  Fabrice Lapeyrere : fabrice.lapeyrere@gmail.com, fabrice.lapeyrere@surlefil.org 
statut : 1
Envoi numéro 41 arrété.
26/04/2012 11:47:32 - Envoi numéro 42 commencé.
26/04/2012 11:47:32 - 1/13 toto abba : fabrice.lapeyrere@surlefil.org 
26/04/2012 11:47:32 - 2/13  albert : fabrice.lapeyrere@surlefil.org 
26/04/2012 11:47:33 - 3/13  contact-1 : fabrice.lapeyrere@surlefil.org 
26/04/2012 11:47:34 - 4/13  contact-100 : fabrice.lapeyrere@surlefil.org 
26/04/2012 11:47:34 - 5/13  contact-14 joli coeur : fabrice.lapeyrere@surlefil.org 
26/04/2012 11:47:35 - On attend
26/04/2012 11:47:39 - 6/13  contact-17 : fabrice.lapeyrere@surlefil.org 
26/04/2012 11:47:39 - 7/13  contact-22 : fabrice.lapeyrere@surlefil.org 
26/04/2012 11:47:40 - 8/13  contact-26 : fabrice.lapeyrere@surlefil.org 
26/04/2012 11:47:41 - 9/13  contact-28 : fabrice.lapeyrere@surlefil.org 
26/04/2012 11:47:41 - 10/13  contact-41 : fabrice.lapeyrere@surlefil.org 
26/04/2012 11:47:41 - On attend
26/04/2012 11:47:45 - 11/13  contact-42 : fabrice.lapeyrere@surlefil.org 
26/04/2012 11:47:46 - 12/13  contact-43 : fabrice.lapeyrere@surlefil.org 
26/04/2012 11:47:47 - 13/13  Fabrice Lapeyrere : fabrice.lapeyrere@gmail.com, fabrice.lapeyrere@surlefil.org 
statut : 1
Envoi numéro 42 arrété.
26/04/2012 12:02:35 - Envoi numéro 43 commencé.
26/04/2012 12:02:35 - 1/13 toto abba : fabrice.lapeyrere@surlefil.org 
26/04/2012 12:02:35 - 2/13  albert : fabrice.lapeyrere@surlefil.org 
26/04/2012 12:02:36 - 3/13  contact-1 : fabrice.lapeyrere@surlefil.org 
26/04/2012 12:02:37 - 4/13  contact-100 : fabrice.lapeyrere@surlefil.org 
26/04/2012 12:02:37 - 5/13  contact-14 joli coeur : fabrice.lapeyrere@surlefil.org 
26/04/2012 12:02:37 - On attend
26/04/2012 12:02:41 - 6/13  contact-17 : fabrice.lapeyrere@surlefil.org 
26/04/2012 12:02:42 - 7/13  contact-22 : fabrice.lapeyrere@surlefil.org 
26/04/2012 12:02:42 - 8/13  contact-26 : fabrice.lapeyrere@surlefil.org 
26/04/2012 12:02:43 - 9/13  contact-28 : fabrice.lapeyrere@surlefil.org 
26/04/2012 12:02:43 - 10/13  contact-41 : fabrice.lapeyrere@surlefil.org 
26/04/2012 12:02:44 - On attend
26/04/2012 12:02:48 - 11/13  contact-42 : fabrice.lapeyrere@surlefil.org 
26/04/2012 12:02:49 - 12/13  contact-43 : fabrice.lapeyrere@surlefil.org 
26/04/2012 12:02:49 - 13/13  Fabrice Lapeyrere : fabrice.lapeyrere@gmail.com, fabrice.lapeyrere@surlefil.org 
statut : 1
Envoi numéro 43 arrété.
26/04/2012 15:58:07 - Envoi numéro 48 commencé.
26/04/2012 15:58:07 - ERREUR - Erreur SMTP : Impossible de se connecter au serveur SMTP. - 1/16 toto abba : fabrice.lapeyrere@surlefil.org 
26/04/2012 15:58:07 - ERREUR - Erreur SMTP : Impossible de se connecter au serveur SMTP. - 2/16  albert : fabrice.lapeyrere@surlefil.org 
26/04/2012 15:58:08 - ERREUR - Erreur SMTP : Impossible de se connecter au serveur SMTP. - 3/16  contact-1 : fabrice.lapeyrere@surlefil.org 
26/04/2012 15:58:08 - ERREUR - Erreur SMTP : Impossible de se connecter au serveur SMTP. - 4/16  contact-100 : fabrice.lapeyrere@surlefil.org 
26/04/2012 15:58:08 - ERREUR - Erreur SMTP : Impossible de se connecter au serveur SMTP. - 5/16  contact-14 joli coeur : fabrice.lapeyrere@surlefil.org 
26/04/2012 15:58:08 - On attend
26/04/2012 15:58:12 - ERREUR - Erreur SMTP : Impossible de se connecter au serveur SMTP. - 6/16  contact-17 : fabrice.lapeyrere@surlefil.org 
26/04/2012 15:58:12 - ERREUR - Erreur SMTP : Impossible de se connecter au serveur SMTP. - 7/16  contact-22 : fabrice.lapeyrere@surlefil.org 
26/04/2012 15:58:13 - ERREUR - Erreur SMTP : Impossible de se connecter au serveur SMTP. - 8/16  contact-26 : fabrice.lapeyrere@surlefil.org 
26/04/2012 15:58:13 - ERREUR - Erreur SMTP : Impossible de se connecter au serveur SMTP. - 9/16  contact-28 : fabrice.lapeyrere@surlefil.org 
26/04/2012 15:58:13 - ERREUR - Erreur SMTP : Impossible de se connecter au serveur SMTP. - 10/16  contact-41 : fabrice.lapeyrere@surlefil.org 
26/04/2012 15:58:13 - On attend
26/04/2012 15:58:17 - ERREUR - Erreur SMTP : Impossible de se connecter au serveur SMTP. - 11/16  contact-42 : fabrice.lapeyrere@surlefil.org 
26/04/2012 15:58:17 - ERREUR - Erreur SMTP : Impossible de se connecter au serveur SMTP. - 12/16  contact-43 : fabrice.lapeyrere@surlefil.org 
26/04/2012 15:58:17 - ERREUR - Erreur SMTP : Impossible de se connecter au serveur SMTP. - 13/16  contact-77 : la@en-haut.com 
26/04/2012 15:58:17 - ERREUR - Erreur SMTP : Impossible de se connecter au serveur SMTP. - 14/16  Fabrice Lapeyrere : fabrice.lapeyrere@gmail.com, fabrice.lapeyrere@surlefil.org 
26/04/2012 15:58:18 - ERREUR - Erreur SMTP : Impossible de se connecter au serveur SMTP. - 15/16  Fabrice Lapeyrere : contact@surlefil.org 
26/04/2012 15:58:18 - On attend
26/04/2012 15:58:22 - ERREUR - Erreur SMTP : Impossible de se connecter au serveur SMTP. - 16/16  le perroquet : perroquet@terrasse.org 
statut : 1
Envoi numéro 48 arrété.
26/04/2012 16:10:38 - Envoi numéro 48 commencé.
26/04/2012 16:10:38 - ERREUR - Erreur SMTP : Impossible de se connecter au serveur SMTP. - 1/16 toto abba : fabrice.lapeyrere@surlefil.org 
26/04/2012 16:10:38 - ERREUR - Erreur SMTP : Impossible de se connecter au serveur SMTP. - 2/16  albert : fabrice.lapeyrere@surlefil.org 
26/04/2012 16:10:38 - ERREUR - Erreur SMTP : Impossible de se connecter au serveur SMTP. - 3/16  contact-1 : fabrice.lapeyrere@surlefil.org 
26/04/2012 16:10:38 - ERREUR - Erreur SMTP : Impossible de se connecter au serveur SMTP. - 4/16  contact-100 : fabrice.lapeyrere@surlefil.org 
26/04/2012 16:10:38 - ERREUR - Erreur SMTP : Impossible de se connecter au serveur SMTP. - 5/16  contact-14 joli coeur : fabrice.lapeyrere@surlefil.org 
26/04/2012 16:10:38 - On attend
26/04/2012 16:10:42 - ERREUR - Erreur SMTP : Impossible de se connecter au serveur SMTP. - 6/16  contact-17 : fabrice.lapeyrere@surlefil.org 
26/04/2012 16:10:43 - ERREUR - Erreur SMTP : Impossible de se connecter au serveur SMTP. - 7/16  contact-22 : fabrice.lapeyrere@surlefil.org 
26/04/2012 16:10:43 - ERREUR - Erreur SMTP : Impossible de se connecter au serveur SMTP. - 8/16  contact-26 : fabrice.lapeyrere@surlefil.org 
26/04/2012 16:10:43 - ERREUR - Erreur SMTP : Impossible de se connecter au serveur SMTP. - 9/16  contact-28 : fabrice.lapeyrere@surlefil.org 
26/04/2012 16:10:43 - ERREUR - Erreur SMTP : Impossible de se connecter au serveur SMTP. - 10/16  contact-41 : fabrice.lapeyrere@surlefil.org 
26/04/2012 16:10:43 - On attend
26/04/2012 16:10:47 - ERREUR - Erreur SMTP : Impossible de se connecter au serveur SMTP. - 11/16  contact-42 : fabrice.lapeyrere@surlefil.org 
26/04/2012 16:10:48 - ERREUR - Erreur SMTP : Impossible de se connecter au serveur SMTP. - 12/16  contact-43 : fabrice.lapeyrere@surlefil.org 
26/04/2012 16:10:48 - ERREUR - Erreur SMTP : Impossible de se connecter au serveur SMTP. - 13/16  contact-77 : la@en-haut.com 
26/04/2012 16:10:48 - ERREUR - Erreur SMTP : Impossible de se connecter au serveur SMTP. - 14/16  Fabrice Lapeyrere : fabrice.lapeyrere@gmail.com, fabrice.lapeyrere@surlefil.org 
26/04/2012 16:10:48 - ERREUR - Erreur SMTP : Impossible de se connecter au serveur SMTP. - 15/16  Fabrice Lapeyrere : contact@surlefil.org 
26/04/2012 16:10:48 - On attend
26/04/2012 16:10:52 - ERREUR - Erreur SMTP : Impossible de se connecter au serveur SMTP. - 16/16  le perroquet : perroquet@terrasse.org 
statut : 1
Envoi numéro 48 arrété.
26/04/2012 16:25:34 - Envoi numéro 48 commencé.
26/04/2012 16:25:34 - ERREUR - Erreur SMTP : Impossible de se connecter au serveur SMTP. - 1/16 toto abba : fabrice.lapeyrere@surlefil.org 
26/04/2012 16:25:34 - ERREUR - Erreur SMTP : Impossible de se connecter au serveur SMTP. - 2/16  albert : fabrice.lapeyrere@surlefil.org 
26/04/2012 16:25:34 - ERREUR - Erreur SMTP : Impossible de se connecter au serveur SMTP. - 3/16  contact-1 : fabrice.lapeyrere@surlefil.org 
26/04/2012 16:25:34 - ERREUR - Erreur SMTP : Impossible de se connecter au serveur SMTP. - 4/16  contact-100 : fabrice.lapeyrere@surlefil.org 
26/04/2012 16:25:34 - ERREUR - Erreur SMTP : Impossible de se connecter au serveur SMTP. - 5/16  contact-14 joli coeur : fabrice.lapeyrere@surlefil.org 
26/04/2012 16:25:35 - On attend
26/04/2012 16:25:39 - ERREUR - Erreur SMTP : Impossible de se connecter au serveur SMTP. - 6/16  contact-17 : fabrice.lapeyrere@surlefil.org 
26/04/2012 16:25:39 - ERREUR - Erreur SMTP : Impossible de se connecter au serveur SMTP. - 7/16  contact-22 : fabrice.lapeyrere@surlefil.org 
26/04/2012 16:25:39 - ERREUR - Erreur SMTP : Impossible de se connecter au serveur SMTP. - 8/16  contact-26 : fabrice.lapeyrere@surlefil.org 
26/04/2012 16:25:39 - ERREUR - Erreur SMTP : Impossible de se connecter au serveur SMTP. - 9/16  contact-28 : fabrice.lapeyrere@surlefil.org 
26/04/2012 16:25:39 - ERREUR - Erreur SMTP : Impossible de se connecter au serveur SMTP. - 10/16  contact-41 : fabrice.lapeyrere@surlefil.org 
26/04/2012 16:25:39 - On attend
26/04/2012 16:25:43 - ERREUR - Erreur SMTP : Impossible de se connecter au serveur SMTP. - 11/16  contact-42 : fabrice.lapeyrere@surlefil.org 
26/04/2012 16:25:44 - ERREUR - Erreur SMTP : Impossible de se connecter au serveur SMTP. - 12/16  contact-43 : fabrice.lapeyrere@surlefil.org 
26/04/2012 16:25:44 - ERREUR - Erreur SMTP : Impossible de se connecter au serveur SMTP. - 13/16  contact-77 : la@en-haut.com 
26/04/2012 16:25:44 - ERREUR - Erreur SMTP : Impossible de se connecter au serveur SMTP. - 14/16  Fabrice Lapeyrere : fabrice.lapeyrere@gmail.com, fabrice.lapeyrere@surlefil.org 
26/04/2012 16:25:44 - ERREUR - Erreur SMTP : Impossible de se connecter au serveur SMTP. - 15/16  Fabrice Lapeyrere : contact@surlefil.org 
26/04/2012 16:25:44 - On attend
26/04/2012 16:25:48 - ERREUR - Erreur SMTP : Impossible de se connecter au serveur SMTP. - 16/16  le perroquet : perroquet@terrasse.org 
statut : 1
Envoi numéro 48 arrété.
26/04/2012 16:25:55 - Envoi numéro 48 commencé.
26/04/2012 16:25:55 - ERREUR - Erreur SMTP : Impossible de se connecter au serveur SMTP. - 1/16 toto abba : fabrice.lapeyrere@surlefil.org 
26/04/2012 16:25:55 - ERREUR - Erreur SMTP : Impossible de se connecter au serveur SMTP. - 2/16  albert : fabrice.lapeyrere@surlefil.org 
26/04/2012 16:25:55 - ERREUR - Erreur SMTP : Impossible de se connecter au serveur SMTP. - 3/16  contact-1 : fabrice.lapeyrere@surlefil.org 
26/04/2012 16:25:55 - ERREUR - Erreur SMTP : Impossible de se connecter au serveur SMTP. - 4/16  contact-100 : fabrice.lapeyrere@surlefil.org 
26/04/2012 16:25:55 - ERREUR - Erreur SMTP : Impossible de se connecter au serveur SMTP. - 5/16  contact-14 joli coeur : fabrice.lapeyrere@surlefil.org 
26/04/2012 16:25:55 - On attend
26/04/2012 16:25:59 - ERREUR - Erreur SMTP : Impossible de se connecter au serveur SMTP. - 6/16  contact-17 : fabrice.lapeyrere@surlefil.org 
26/04/2012 16:26:00 - ERREUR - Erreur SMTP : Impossible de se connecter au serveur SMTP. - 7/16  contact-22 : fabrice.lapeyrere@surlefil.org 
26/04/2012 16:26:00 - ERREUR - Erreur SMTP : Impossible de se connecter au serveur SMTP. - 8/16  contact-26 : fabrice.lapeyrere@surlefil.org 
26/04/2012 16:26:00 - ERREUR - Erreur SMTP : Impossible de se connecter au serveur SMTP. - 9/16  contact-28 : fabrice.lapeyrere@surlefil.org 
26/04/2012 16:26:00 - ERREUR - Erreur SMTP : Impossible de se connecter au serveur SMTP. - 10/16  contact-41 : fabrice.lapeyrere@surlefil.org 
26/04/2012 16:26:00 - On attend
26/04/2012 16:26:04 - ERREUR - Erreur SMTP : Impossible de se connecter au serveur SMTP. - 11/16  contact-42 : fabrice.lapeyrere@surlefil.org 
26/04/2012 16:26:05 - ERREUR - Erreur SMTP : Impossible de se connecter au serveur SMTP. - 12/16  contact-43 : fabrice.lapeyrere@surlefil.org 
26/04/2012 16:26:05 - ERREUR - Erreur SMTP : Impossible de se connecter au serveur SMTP. - 13/16  contact-77 : la@en-haut.com 
26/04/2012 16:26:05 - ERREUR - Erreur SMTP : Impossible de se connecter au serveur SMTP. - 14/16  Fabrice Lapeyrere : fabrice.lapeyrere@gmail.com, fabrice.lapeyrere@surlefil.org 
26/04/2012 16:26:05 - ERREUR - Erreur SMTP : Impossible de se connecter au serveur SMTP. - 15/16  Fabrice Lapeyrere : contact@surlefil.org 
26/04/2012 16:26:05 - On attend
26/04/2012 16:26:09 - ERREUR - Erreur SMTP : Impossible de se connecter au serveur SMTP. - 16/16  le perroquet : perroquet@terrasse.org 
statut : 1
Envoi numéro 48 arrété.
27/04/2012 14:01:59 - Envoi numéro 48 commencé.
27/04/2012 14:01:59 - 1/16 toto abba : fabrice.lapeyrere@surlefil.org 
27/04/2012 14:02:00 - 2/16  albert : fabrice.lapeyrere@surlefil.org 
27/04/2012 14:02:00 - 3/16  contact-1 : fabrice.lapeyrere@surlefil.org 
27/04/2012 14:02:01 - 4/16  contact-100 : fabrice.lapeyrere@surlefil.org 
27/04/2012 14:02:01 - 5/16  contact-14 joli coeur : fabrice.lapeyrere@surlefil.org 
27/04/2012 14:02:02 - On attend
27/04/2012 14:02:06 - 6/16  contact-17 : fabrice.lapeyrere@surlefil.org 
27/04/2012 14:02:06 - 7/16  contact-22 : fabrice.lapeyrere@surlefil.org 
27/04/2012 14:02:07 - 8/16  contact-26 : fabrice.lapeyrere@surlefil.org 
27/04/2012 14:02:07 - 9/16  contact-28 : fabrice.lapeyrere@surlefil.org 
27/04/2012 14:02:08 - 10/16  contact-41 : fabrice.lapeyrere@surlefil.org 
27/04/2012 14:02:08 - On attend
27/04/2012 14:02:12 - 11/16  contact-42 : fabrice.lapeyrere@surlefil.org 
27/04/2012 14:02:12 - 12/16  contact-43 : fabrice.lapeyrere@surlefil.org 
27/04/2012 14:02:13 - 14/16  Fabrice Lapeyrere : fabrice.lapeyrere@gmail.com, fabrice.lapeyrere@surlefil.org 
27/04/2012 14:02:13 - 15/16  Fabrice Lapeyrere : contact@surlefil.org 
statut : 1
Envoi numéro 48 arrété.
27/04/2012 14:32:53 - Envoi numéro 45 commencé.
27/04/2012 14:32:53 - ERREUR - Erreur SMTP : Impossible de se connecter au serveur SMTP. - 1/16 toto abba : fabrice.lapeyrere@surlefil.org 
27/04/2012 14:32:53 - ERREUR - Erreur SMTP : Impossible de se connecter au serveur SMTP. - 2/16  albert : fabrice.lapeyrere@surlefil.org 
27/04/2012 14:32:53 - ERREUR - Erreur SMTP : Impossible de se connecter au serveur SMTP. - 3/16  contact-1 : fabrice.lapeyrere@surlefil.org 
27/04/2012 14:32:53 - ERREUR - Erreur SMTP : Impossible de se connecter au serveur SMTP. - 4/16  contact-100 : fabrice.lapeyrere@surlefil.org 
27/04/2012 14:32:53 - ERREUR - Erreur SMTP : Impossible de se connecter au serveur SMTP. - 5/16  contact-14 joli coeur : fabrice.lapeyrere@surlefil.org 
27/04/2012 14:32:53 - On attend
27/04/2012 14:32:57 - ERREUR - Erreur SMTP : Impossible de se connecter au serveur SMTP. - 6/16  contact-17 : fabrice.lapeyrere@surlefil.org 
27/04/2012 14:32:58 - ERREUR - Erreur SMTP : Impossible de se connecter au serveur SMTP. - 7/16  contact-22 : fabrice.lapeyrere@surlefil.org 
27/04/2012 14:32:58 - ERREUR - Erreur SMTP : Impossible de se connecter au serveur SMTP. - 8/16  contact-26 : fabrice.lapeyrere@surlefil.org 
27/04/2012 14:32:58 - ERREUR - Erreur SMTP : Impossible de se connecter au serveur SMTP. - 9/16  contact-28 : fabrice.lapeyrere@surlefil.org 
27/04/2012 14:32:58 - ERREUR - Erreur SMTP : Impossible de se connecter au serveur SMTP. - 10/16  contact-41 : fabrice.lapeyrere@surlefil.org 
27/04/2012 14:32:58 - On attend
27/04/2012 14:33:02 - ERREUR - Erreur SMTP : Impossible de se connecter au serveur SMTP. - 11/16  contact-42 : fabrice.lapeyrere@surlefil.org 
27/04/2012 14:33:02 - ERREUR - Erreur SMTP : Impossible de se connecter au serveur SMTP. - 12/16  contact-43 : fabrice.lapeyrere@surlefil.org 
27/04/2012 14:33:03 - ERREUR - Erreur SMTP : Impossible de se connecter au serveur SMTP. - 13/16  contact-77 : la@en-haut.com 
27/04/2012 14:33:03 - ERREUR - Erreur SMTP : Impossible de se connecter au serveur SMTP. - 14/16  Fabrice Lapeyrere : fabrice.lapeyrere@gmail.com, fabrice.lapeyrere@surlefil.org 
27/04/2012 14:33:03 - ERREUR - Erreur SMTP : Impossible de se connecter au serveur SMTP. - 15/16  Fabrice Lapeyrere : contact@surlefil.org 
27/04/2012 14:33:03 - On attend
27/04/2012 14:33:07 - ERREUR - Erreur SMTP : Impossible de se connecter au serveur SMTP. - 16/16  le perroquet : perroquet@terrasse.org 
statut : 1
Envoi numéro 45 arrété.
27/04/2012 14:33:48 - Envoi numéro 45 commencé.
27/04/2012 14:33:49 - 1/16 toto abba : fabrice.lapeyrere@surlefil.org 
27/04/2012 14:33:49 - 2/16  albert : fabrice.lapeyrere@surlefil.org 
27/04/2012 14:33:50 - 3/16  contact-1 : fabrice.lapeyrere@surlefil.org 
27/04/2012 14:33:51 - 4/16  contact-100 : fabrice.lapeyrere@surlefil.org 
27/04/2012 14:33:51 - 5/16  contact-14 joli coeur : fabrice.lapeyrere@surlefil.org 
27/04/2012 14:33:52 - On attend
27/04/2012 14:33:56 - 6/16  contact-17 : fabrice.lapeyrere@surlefil.org 
27/04/2012 14:33:56 - 7/16  contact-22 : fabrice.lapeyrere@surlefil.org 
27/04/2012 14:33:57 - 8/16  contact-26 : fabrice.lapeyrere@surlefil.org 
27/04/2012 14:33:57 - 9/16  contact-28 : fabrice.lapeyrere@surlefil.org 
27/04/2012 14:33:58 - 10/16  contact-41 : fabrice.lapeyrere@surlefil.org 
27/04/2012 14:33:58 - On attend
27/04/2012 14:34:02 - 11/16  contact-42 : fabrice.lapeyrere@surlefil.org 
27/04/2012 14:34:03 - 12/16  contact-43 : fabrice.lapeyrere@surlefil.org 
27/04/2012 14:34:03 - 14/16  Fabrice Lapeyrere : fabrice.lapeyrere@gmail.com, fabrice.lapeyrere@surlefil.org 
27/04/2012 14:34:04 - 15/16  Fabrice Lapeyrere : contact@surlefil.org 
statut : 1
Envoi numéro 45 arrété.
27/04/2012 22:14:58 - Envoi numéro 49 commencé.
27/04/2012 22:14:58 - 1/1 toto abba : fabrice.lapeyrere@surlefil.org 
statut : 1
Envoi numéro 49 arrété.
27/04/2012 22:19:08 - Envoi numéro 52 commencé.
27/04/2012 22:19:09 - 1/16 toto abba : fabrice.lapeyrere@surlefil.org 
27/04/2012 22:19:09 - 2/16  albert : fabrice.lapeyrere@surlefil.org 
27/04/2012 22:19:10 - 3/16  contact-1 : fabrice.lapeyrere@surlefil.org 
27/04/2012 22:19:10 - 4/16  contact-100 : fabrice.lapeyrere@surlefil.org 
27/04/2012 22:19:11 - 5/16  contact-14 joli coeur : fabrice.lapeyrere@surlefil.org 
27/04/2012 22:19:11 - On attend
27/04/2012 22:19:15 - 6/16  contact-17 : fabrice.lapeyrere@surlefil.org 
27/04/2012 22:19:16 - 7/16  contact-22 : fabrice.lapeyrere@surlefil.org 
27/04/2012 22:19:16 - 8/16  contact-26 : fabrice.lapeyrere@surlefil.org 
27/04/2012 22:19:17 - 9/16  contact-28 : fabrice.lapeyrere@surlefil.org 
27/04/2012 22:19:17 - 10/16  contact-41 : fabrice.lapeyrere@surlefil.org 
27/04/2012 22:19:18 - On attend
27/04/2012 22:19:19 - statut : 2 -> arret demandé
27/04/2012 22:19:19 - statut : 1
27/04/2012 22:19:19 - Envoi numéro 52 arrété.
27/04/2012 22:20:19 - Envoi numéro 52 commencé.
27/04/2012 22:20:19 - ERREUR - Erreur SMTP : Impossible de se connecter au serveur SMTP. - 11/16  contact-42 : fabrice.lapeyrere@surlefil.org 
27/04/2012 22:20:19 - ERREUR - Erreur SMTP : Impossible de se connecter au serveur SMTP. - 12/16  contact-43 : fabrice.lapeyrere@surlefil.org 
27/04/2012 22:20:20 - ERREUR - Erreur SMTP : Impossible de se connecter au serveur SMTP. - 14/16  Fabrice Lapeyrere : fabrice.lapeyrere@gmail.com, fabrice.lapeyrere@surlefil.org 
27/04/2012 22:20:20 - ERREUR - Erreur SMTP : Impossible de se connecter au serveur SMTP. - 15/16  Fabrice Lapeyrere : contact@surlefil.org 
statut : 1
Envoi numéro 52 arrété.
27/04/2012 22:21:11 - Envoi numéro 52 commencé.
27/04/2012 22:21:11 - 11/16  contact-42 : fabrice.lapeyrere@surlefil.org 
27/04/2012 22:21:12 - 12/16  contact-43 : fabrice.lapeyrere@surlefil.org 
27/04/2012 22:21:12 - 14/16  Fabrice Lapeyrere : fabrice.lapeyrere@gmail.com, fabrice.lapeyrere@surlefil.org 
27/04/2012 22:21:13 - 15/16  Fabrice Lapeyrere : contact@surlefil.org 
statut : 1
Envoi numéro 52 arrété.
28/04/2012 18:39:21 - Envoi numéro 53 commencé.
28/04/2012 18:39:22 - 1/1 toto abba : fabrice.lapeyrere@surlefil.org 
statut : 1
Envoi numéro 53 arrété.
04/05/2012 09:17:49 - Envoi numéro 56 commencé.
04/05/2012 09:17:50 - 1/1  contact-17 : fabrice.lapeyrere@surlefil.org 
statut : 1
Envoi numéro 56 arrété.
21/05/2012 10:42:54 - Envoi numéro 63 commencé.
21/05/2012 10:42:55 - 1/1  Fabrice Lapeyrere : fabrice.lapeyrere@surlefil.org, fabrice.lapeyrere@gmail.com 
statut : 1
Envoi numéro 63 arrété.
21/05/2012 10:46:37 - Envoi numéro 64 commencé.
21/05/2012 10:46:38 - 1/1  Fabrice Lapeyrere : fabrice.lapeyrere@surlefil.org, fabrice.lapeyrere@gmail.com 
statut : 1
Envoi numéro 64 arrété.
22/05/2012 15:49:10 - Envoi numéro 1 commencé.
22/05/2012 15:49:10 - 1/1 Raphaël Creneau : fabrice.lapeyrere@gmail.com 
statut : 1
Envoi numéro 1 arrété.
